Reading initial parameters.
Sending endTurn()
turn 1:
Sending endTurn()
Time taken: 0.200903ms

turn 2:
Sending endTurn()
Time taken: 0.170093ms

turn 3:
Sending endTurn()
Time taken: 0.536076ms

turn 4:
Sending endTurn()
Time taken: 0.298104ms

turn 5:
Sending endTurn()
Time taken: 0.303947ms

turn 6:
Sending endTurn()
Time taken: 0.301892ms

turn 7:
Sending endTurn()
Time taken: 0.501908ms

turn 8:
Sending endTurn()
Time taken: 0.303962ms

turn 9:
Sending endTurn()
Time taken: 0.300007ms

turn 10:
Sending endTurn()
Time taken: 0.302ms

turn 11:
Sending endTurn()
Time taken: 0.297115ms

turn 12:
Sending endTurn()
Time taken: 0.301974ms

turn 13:
Sending endTurn()
Time taken: 0.294118ms

turn 14:
Sending endTurn()
Time taken: 0.302024ms

turn 15:
Sending endTurn()
Time taken: 0.301035ms

turn 16:
Sending endTurn()
Time taken: 0.573961ms

turn 17:
Sending endTurn()
Time taken: 0.301959ms

turn 18:
Sending endTurn()
Time taken: 0.301076ms

turn 19:
Sending endTurn()
Time taken: 0.299025ms

turn 20:
Sending endTurn()
Time taken: 0.303957ms

turn 21:
Sending endTurn()
Time taken: 0.302989ms

turn 22:
Sending endTurn()
Time taken: 0.302045ms

turn 23:
Sending endTurn()
Time taken: 0.338014ms

turn 24:
Sending endTurn()
Time taken: 0.297923ms

turn 25:
Sending endTurn()
Time taken: 0.303012ms

turn 26:
Sending endTurn()
Time taken: 0.30007ms

turn 27:
Sending endTurn()
Time taken: 0.298023ms

turn 28:
Sending endTurn()
Time taken: 0.320012ms

turn 29:
Sending endTurn()
Time taken: 0.305085ms

turn 30:
Sending endTurn()
Time taken: 0.324883ms

turn 31:
Sending endTurn()
Time taken: 0.324027ms

turn 32:
Sending endTurn()
Time taken: 0.304987ms

turn 33:
Sending endTurn()
Time taken: 0.299069ms

turn 34:
Sending endTurn()
Time taken: 0.304047ms

turn 35:
Sending endTurn()
Time taken: 0.305931ms

turn 36:
Sending endTurn()
Time taken: 0.303056ms

turn 37:
Sending endTurn()
Time taken: 0.317902ms

turn 38:
Sending endTurn()
Time taken: 0.298978ms

turn 39:
Sending endTurn()
Time taken: 0.299965ms

turn 40:
Sending endTurn()
Time taken: 0.298005ms

turn 41:
Sending endTurn()
Time taken: 0.301046ms

turn 42:
Sending endTurn()
Time taken: 0.538904ms

turn 43:
Sending endTurn()
Time taken: 0.552929ms

turn 44:
Sending endTurn()
Time taken: 0.555026ms

turn 45:
Sending endTurn()
Time taken: 0.309031ms

turn 46:
Sending endTurn()
Time taken: 0.305048ms

turn 47:
Sending endTurn()
Time taken: 0.302912ms

turn 48:
Sending endTurn()
Time taken: 0.304939ms

turn 49:
Sending endTurn()
Time taken: 0.320928ms

turn 50:
Sending endTurn()
Time taken: 0.296909ms

turn 51:
Sending endTurn()
Time taken: 0.303968ms

turn 52:
Sending endTurn()
Time taken: 0.30309ms

turn 53:
Sending endTurn()
Time taken: 0.303069ms

turn 54:
Sending endTurn()
Time taken: 0.300937ms

turn 55:
Sending endTurn()
Time taken: 0.307031ms

turn 56:
Sending endTurn()
Time taken: 0.303085ms

turn 57:
Sending endTurn()
Time taken: 0.299053ms

turn 58:
Sending endTurn()
Time taken: 0.316063ms

turn 59:
Sending endTurn()
Time taken: 0.300889ms

turn 60:
Sending endTurn()
Time taken: 0.319109ms

turn 61:
Sending endTurn()
Time taken: 0.302074ms

turn 62:
Sending endTurn()
Time taken: 0.30395ms

turn 63:
Sending endTurn()
Time taken: 0.362941ms

turn 64:
Sending endTurn()
Time taken: 0.360938ms

turn 65:
Sending endTurn()
Time taken: 0.382987ms

turn 66:
Sending endTurn()
Time taken: 0.363085ms

turn 67:
Sending endTurn()
Time taken: 0.363006ms

turn 68:
Sending endTurn()
Time taken: 0.849882ms

turn 69:
Sending endTurn()
Time taken: 0.364924ms

turn 70:
Sending endTurn()
Time taken: 0.366053ms

turn 71:
Sending endTurn()
Time taken: 0.361978ms

turn 72:
Sending endTurn()
Time taken: 0.366997ms

turn 73:
Sending endTurn()
Time taken: 0.364042ms

turn 74:
Sending endTurn()
Time taken: 0.362028ms

turn 75:
Sending endTurn()
Time taken: 0.385089ms

turn 76:
Sending endTurn()
Time taken: 0.360929ms

turn 77:
Sending endTurn()
Time taken: 0.36408ms

turn 78:
Sending endTurn()
Time taken: 0.360974ms

turn 79:
Sending endTurn()
Time taken: 0.360055ms

turn 80:
Sending endTurn()
Time taken: 0.383917ms

turn 81:
Sending endTurn()
Time taken: 0.367999ms

turn 82:
Sending endTurn()
Time taken: 0.367004ms

turn 83:
Sending endTurn()
Time taken: 0.36304ms

turn 84:
Sending endTurn()
Time taken: 0.363093ms

turn 85:
Sending endTurn()
Time taken: 0.36309ms

turn 86:
Sending endTurn()
Time taken: 0.361035ms

turn 87:
Sending endTurn()
Time taken: 0.367048ms

turn 88:
Sending endTurn()
Time taken: 0.366057ms

turn 89:
Sending endTurn()
Time taken: 0.366058ms

turn 90:
Sending endTurn()
Time taken: 0.36203ms

turn 91:
Sending endTurn()
Time taken: 0.364104ms

turn 92:
Sending endTurn()
Time taken: 0.367072ms

turn 93:
Sending endTurn()
Time taken: 0.363919ms

turn 94:
Sending endTurn()
Time taken: 0.365036ms

turn 95:
Sending endTurn()
Time taken: 0.361004ms

turn 96:
Sending endTurn()
Time taken: 0.366983ms

turn 97:
Sending endTurn()
Time taken: 0.36606ms

turn 98:
Sending endTurn()
Time taken: 0.365018ms

turn 99:
Sending endTurn()
Time taken: 0.367036ms

turn 100:
Sending endTurn()
Time taken: 0.363096ms

turn 101:
Sending endTurn()
Time taken: 0.382964ms

turn 102:
Sending endTurn()
Time taken: 0.362013ms

turn 103:
Sending endTurn()
Time taken: 0.365942ms

turn 104:
Sending endTurn()
Time taken: 0.356911ms

turn 105:
Sending endTurn()
Time taken: 0.36111ms

turn 106:
Sending endTurn()
Time taken: 0.377906ms

turn 107:
Sending endTurn()
Time taken: 0.366083ms

turn 108:
Sending endTurn()
Time taken: 0.358035ms

turn 109:
Sending endTurn()
Time taken: 0.398094ms

turn 110:
Sending endTurn()
Time taken: 0.361075ms

turn 111:
Sending endTurn()
Time taken: 0.361037ms

turn 112:
Sending endTurn()
Time taken: 0.358981ms

turn 113:
Sending endTurn()
Time taken: 0.442095ms

turn 114:
Sending endTurn()
Time taken: 0.431118ms

turn 115:
Sending endTurn()
Time taken: 0.63892ms

turn 116:
Sending endTurn()
Time taken: 0.426895ms

turn 117:
Sending endTurn()
Time taken: 0.432061ms

turn 118:
Sending endTurn()
Time taken: 0.65604ms

turn 119:
Sending endTurn()
Time taken: 0.425896ms

turn 120:
Sending endTurn()
Time taken: 0.433929ms

turn 121:
Sending endTurn()
Time taken: 0.432935ms

turn 122:
Sending endTurn()
Time taken: 0.431069ms

turn 123:
Sending endTurn()
Time taken: 0.434079ms

turn 124:
Sending endTurn()
Time taken: 0.435028ms

turn 125:
Sending endTurn()
Time taken: 0.42694ms

turn 126:
Sending endTurn()
Time taken: 0.43097ms

turn 127:
Sending endTurn()
Time taken: 0.436012ms

turn 128:
Sending endTurn()
Time taken: 0.687102ms

turn 129:
Sending endTurn()
Time taken: 0.438925ms

turn 130:
Sending endTurn()
Time taken: 0.438882ms

turn 131:
Sending endTurn()
Time taken: 0.436952ms

turn 132:
Sending endTurn()
Time taken: 0.431935ms

turn 133:
Sending endTurn()
Time taken: 0.43307ms

turn 134:
Sending endTurn()
Time taken: 0.434063ms

turn 135:
Sending endTurn()
Time taken: 0.433098ms

turn 136:
Sending endTurn()
Time taken: 0.435946ms

turn 137:
Sending endTurn()
Time taken: 0.437894ms

turn 138:
Sending endTurn()
Time taken: 20.064ms

turn 139:
Sending endTurn()
Time taken: 0.496066ms

turn 140:
Sending endTurn()
Time taken: 0.507971ms

turn 141:
Sending endTurn()
Time taken: 0.499026ms

turn 142:
Sending endTurn()
Time taken: 0.516096ms

turn 143:
Sending endTurn()
Time taken: 0.495028ms

turn 144:
Sending endTurn()
Time taken: 0.499922ms

turn 145:
Sending endTurn()
Time taken: 1.41492ms

turn 146:
Sending endTurn()
Time taken: 0.499946ms

turn 147:
Sending endTurn()
Time taken: 0.496917ms

turn 148:
Sending endTurn()
Time taken: 0.494964ms

turn 149:
Sending endTurn()
Time taken: 0.491884ms

turn 150:
Sending endTurn()
Time taken: 0.741965ms

turn 151:
Sending endTurn()
Time taken: 0.490961ms

turn 152:
Sending endTurn()
Time taken: 0.491046ms

turn 153:
Sending endTurn()
Time taken: 0.559044ms

turn 154:
Sending endTurn()
Time taken: 0.562083ms

turn 155:
Sending endTurn()
Time taken: 0.562945ms

turn 156:
Sending endTurn()
Time taken: 0.558931ms

turn 157:
Sending endTurn()
Time taken: 0.552021ms

turn 158:
Sending endTurn()
Time taken: 0.559074ms

turn 159:
Sending endTurn()
Time taken: 0.572087ms

turn 160:
Sending endTurn()
Time taken: 5.04406ms

turn 161:
Sending endTurn()
Time taken: 0.565989ms

turn 162:
Sending endTurn()
Time taken: 0.565099ms

turn 163:
Sending endTurn()
Time taken: 4.92008ms

turn 164:
Sending endTurn()
Time taken: 0.558061ms

turn 165:
Sending endTurn()
Time taken: 0.559929ms

turn 166:
Sending endTurn()
Time taken: 0.558012ms

turn 167:
Sending endTurn()
Time taken: 0.58305ms

turn 168:
Sending endTurn()
Time taken: 0.55805ms

turn 169:
Sending endTurn()
Time taken: 0.660963ms

turn 170:
Sending endTurn()
Time taken: 0.560991ms

turn 171:
Sending endTurn()
Time taken: 0.55903ms

turn 172:
Sending endTurn()
Time taken: 0.560989ms

turn 173:
Sending endTurn()
Time taken: 0.5641ms

turn 174:
Sending endTurn()
Time taken: 0.555901ms

turn 175:
Sending endTurn()
Time taken: 0.552115ms

turn 176:
Sending endTurn()
Time taken: 0.807044ms

turn 177:
Sending endTurn()
Time taken: 0.556055ms

turn 178:
Sending endTurn()
Time taken: 0.575057ms

turn 179:
Sending endTurn()
Time taken: 0.580982ms

turn 180:
Sending endTurn()
Time taken: 0.554059ms

turn 181:
Sending endTurn()
Time taken: 0.553038ms

turn 182:
Sending endTurn()
Time taken: 0.552108ms

turn 183:
Sending endTurn()
Time taken: 0.572009ms

turn 184:
Sending endTurn()
Time taken: 0.760098ms

turn 185:
Sending endTurn()
Time taken: 0.563076ms

turn 186:
Sending endTurn()
Time taken: 0.556022ms

turn 187:
Sending endTurn()
Time taken: 0.552088ms

turn 188:
Sending endTurn()
Time taken: 0.577039ms

turn 189:
Sending endTurn()
Time taken: 0.55904ms

turn 190:
Sending endTurn()
Time taken: 0.555967ms

turn 191:
Sending endTurn()
Time taken: 0.555915ms

turn 192:
Sending endTurn()
Time taken: 0.571999ms

turn 193:
Sending endTurn()
Time taken: 0.560981ms

turn 194:
Sending endTurn()
Time taken: 0.554916ms

turn 195:
Sending endTurn()
Time taken: 0.576089ms

turn 196:
Sending endTurn()
Time taken: 0.620051ms

turn 197:
Sending endTurn()
Time taken: 0.615019ms

turn 198:
Sending endTurn()
Time taken: 0.618021ms

turn 199:
Sending endTurn()
Time taken: 0.612911ms

turn 200:
Sending endTurn()
Time taken: 0.634089ms

turn 201:
Sending endTurn()
Time taken: 0.615919ms

turn 202:
Sending endTurn()
Time taken: 0.618934ms

turn 203:
Sending endTurn()
Time taken: 0.895972ms

turn 204:
Sending endTurn()
Time taken: 0.618114ms

turn 205:
Sending endTurn()
Time taken: 0.618893ms

turn 206:
Sending endTurn()
Time taken: 0.61907ms

turn 207:
Sending endTurn()
Time taken: 1.10806ms

turn 208:
Sending endTurn()
Time taken: 0.61802ms

turn 209:
Sending endTurn()
Time taken: 0.617986ms

turn 210:
Sending endTurn()
Time taken: 0.612901ms

turn 211:
Sending endTurn()
Time taken: 0.614935ms

turn 212:
Sending endTurn()
Time taken: 0.616111ms

turn 213:
Sending endTurn()
Time taken: 0.857005ms

turn 214:
Sending endTurn()
Time taken: 1.03998ms

turn 215:
Sending endTurn()
Time taken: 0.618936ms

turn 216:
Sending endTurn()
Time taken: 0.628025ms

turn 217:
Sending endTurn()
Time taken: 0.633027ms

turn 218:
Sending endTurn()
Time taken: 0.610921ms

turn 219:
Sending endTurn()
Time taken: 0.616106ms

turn 220:
Sending endTurn()
Time taken: 0.616107ms

turn 221:
Sending endTurn()
Time taken: 0.617023ms

turn 222:
Sending endTurn()
Time taken: 0.611974ms

turn 223:
Sending endTurn()
Time taken: 0.616924ms

turn 224:
Sending endTurn()
Time taken: 0.630995ms

turn 225:
Sending endTurn()
Time taken: 0.608993ms

turn 226:
Sending endTurn()
Time taken: 0.623926ms

turn 227:
Sending endTurn()
Time taken: 0.611968ms

turn 228:
Sending endTurn()
Time taken: 0.613901ms

turn 229:
Sending endTurn()
Time taken: 0.610003ms

turn 230:
Sending endTurn()
Time taken: 0.612881ms

turn 231:
Sending endTurn()
Time taken: 0.61402ms

turn 232:
Sending endTurn()
Time taken: 0.614081ms

turn 233:
Sending endTurn()
Time taken: 4.70811ms

turn 234:
Sending endTurn()
Time taken: 0.616925ms

turn 235:
Sending endTurn()
Time taken: 0.615947ms

turn 236:
Sending endTurn()
Time taken: 0.621931ms

turn 237:
Sending endTurn()
Time taken: 0.617909ms

turn 238:
Sending endTurn()
Time taken: 0.61611ms

turn 239:
Sending endTurn()
Time taken: 0.634982ms

turn 240:
Sending endTurn()
Time taken: 0.617001ms

turn 241:
Sending endTurn()
Time taken: 0.614063ms

turn 242:
Sending endTurn()
Time taken: 0.615019ms

turn 243:
Sending endTurn()
Time taken: 0.619894ms

turn 244:
Sending endTurn()
Time taken: 0.632057ms

turn 245:
Sending endTurn()
Time taken: 0.620083ms

turn 246:
Sending endTurn()
Time taken: 0.616882ms

turn 247:
Sending endTurn()
Time taken: 0.617107ms

turn 248:
Sending endTurn()
Time taken: 0.61891ms

turn 249:
Sending endTurn()
Time taken: 0.61495ms

turn 250:
Sending endTurn()
Time taken: 0.619041ms

turn 251:
Sending endTurn()
Time taken: 0.624068ms

turn 252:
Sending endTurn()
Time taken: 0.616094ms

turn 253:
Sending endTurn()
Time taken: 0.615908ms

turn 254:
Sending endTurn()
Time taken: 0.785017ms

turn 255:
Sending endTurn()
Time taken: 0.612897ms

turn 256:
Sending endTurn()
Time taken: 0.622094ms

turn 257:
Sending endTurn()
Time taken: 0.61794ms

turn 258:
Sending endTurn()
Time taken: 0.54794ms

turn 259:
Sending endTurn()
Time taken: 0.553966ms

turn 260:
Sending endTurn()
Time taken: 0.55498ms

turn 261:
Sending endTurn()
Time taken: 0.567051ms

turn 262:
Sending endTurn()
Time taken: 0.571979ms

turn 263:
Sending endTurn()
Time taken: 0.559062ms

turn 264:
Sending endTurn()
Time taken: 0.604056ms

turn 265:
Sending endTurn()
Time taken: 0.559089ms

turn 266:
Sending endTurn()
Time taken: 0.56003ms

turn 267:
Sending endTurn()
Time taken: 0.557051ms

turn 268:
Sending endTurn()
Time taken: 0.554109ms

turn 269:
Sending endTurn()
Time taken: 0.557109ms

turn 270:
Sending endTurn()
Time taken: 0.550883ms

turn 271:
Sending endTurn()
Time taken: 0.57605ms

turn 272:
Sending endTurn()
Time taken: 0.554009ms

turn 273:
Sending endTurn()
Time taken: 0.558024ms

turn 274:
Sending endTurn()
Time taken: 0.557956ms

turn 275:
Sending endTurn()
Time taken: 0.556894ms

turn 276:
Sending endTurn()
Time taken: 0.553083ms

turn 277:
Sending endTurn()
Time taken: 0.552025ms

turn 278:
Sending endTurn()
Time taken: 0.579075ms

turn 279:
Sending endTurn()
Time taken: 0.576115ms

turn 280:
Sending endTurn()
Time taken: 0.570882ms

turn 281:
Sending endTurn()
Time taken: 0.560092ms

turn 282:
Sending endTurn()
Time taken: 0.567926ms

turn 283:
Sending endTurn()
Time taken: 0.557994ms

turn 284:
Sending endTurn()
Time taken: 0.564021ms

turn 285:
Sending endTurn()
Time taken: 0.563023ms

turn 286:
Sending endTurn()
Time taken: 0.563043ms

turn 287:
Sending endTurn()
Time taken: 0.569902ms

turn 288:
Sending endTurn()
Time taken: 0.565012ms

turn 289:
Sending endTurn()
Time taken: 0.640033ms

turn 290:
Sending endTurn()
Time taken: 0.647898ms

turn 291:
Sending endTurn()
Time taken: 0.557923ms

turn 292:
Sending endTurn()
Time taken: 0.555953ms

turn 293:
Sending endTurn()
Time taken: 0.950075ms

turn 294:
Sending endTurn()
Time taken: 0.557918ms

turn 295:
Sending endTurn()
Time taken: 0.559924ms

turn 296:
Sending endTurn()
Time taken: 0.558982ms

turn 297:
Sending endTurn()
Time taken: 0.81707ms

turn 298:
Sending endTurn()
Time taken: 0.559102ms

turn 299:
Sending endTurn()
Time taken: 0.557074ms

turn 300:
Sending endTurn()
Time taken: 0.559981ms

turn 301:
Sending endTurn()
Time taken: 0.559987ms

turn 302:
Sending endTurn()
Time taken: 0.556096ms

turn 303:
Sending endTurn()
Time taken: 0.561932ms

turn 304:
Sending endTurn()
Time taken: 0.561971ms

turn 305:
Sending endTurn()
Time taken: 0.575921ms

turn 306:
Sending endTurn()
Time taken: 0.568059ms

turn 307:
Sending endTurn()
Time taken: 0.858919ms

turn 308:
Sending endTurn()
Time taken: 0.560919ms

turn 309:
Sending endTurn()
Time taken: 0.57792ms

turn 310:
Sending endTurn()
Time taken: 1.72294ms

turn 311:
Sending endTurn()
Time taken: 0.557892ms

turn 312:
Sending endTurn()
Time taken: 0.564117ms

turn 313:
Sending endTurn()
Time taken: 0.562982ms

turn 314:
Sending endTurn()
Time taken: 0.560983ms

turn 315:
Sending endTurn()
Time taken: 0.557104ms

turn 316:
Sending endTurn()
Time taken: 0.564936ms

turn 317:
Sending endTurn()
Time taken: 0.566109ms

turn 318:
Sending endTurn()
Time taken: 0.581922ms

turn 319:
Sending endTurn()
Time taken: 0.563884ms

turn 320:
Sending endTurn()
Time taken: 0.55899ms

turn 321:
Sending endTurn()
Time taken: 0.565106ms

turn 322:
Sending endTurn()
Time taken: 0.560035ms

turn 323:
Sending endTurn()
Time taken: 0.579977ms

turn 324:
Sending endTurn()
Time taken: 0.567918ms

turn 325:
Sending endTurn()
Time taken: 0.559103ms

turn 326:
Sending endTurn()
Time taken: 0.559045ms

turn 327:
Sending endTurn()
Time taken: 0.564908ms

turn 328:
Sending endTurn()
Time taken: 0.554997ms

turn 329:
Sending endTurn()
Time taken: 0.574889ms

turn 330:
Sending endTurn()
Time taken: 0.556909ms

turn 331:
Sending endTurn()
Time taken: 0.554928ms

turn 332:
Sending endTurn()
Time taken: 0.55189ms

turn 333:
Sending endTurn()
Time taken: 0.560034ms

turn 334:
Sending endTurn()
Time taken: 0.559062ms

turn 335:
Sending endTurn()
Time taken: 0.555058ms

turn 336:
Sending endTurn()
Time taken: 0.557025ms

turn 337:
Sending endTurn()
Time taken: 0.552966ms

turn 338:
Sending endTurn()
Time taken: 0.557888ms

turn 339:
Sending endTurn()
Time taken: 0.579998ms

turn 340:
Sending endTurn()
Time taken: 0.561079ms

turn 341:
Sending endTurn()
Time taken: 0.776942ms

turn 342:
Sending endTurn()
Time taken: 0.553018ms

turn 343:
Sending endTurn()
Time taken: 0.556897ms

turn 344:
Sending endTurn()
Time taken: 0.556968ms

turn 345:
Sending endTurn()
Time taken: 0.558094ms

turn 346:
Sending endTurn()
Time taken: 0.559896ms

turn 347:
Sending endTurn()
Time taken: 0.556096ms

turn 348:
Sending endTurn()
Time taken: 0.557102ms

turn 349:
Sending endTurn()
Time taken: 0.835888ms

turn 350:
Sending endTurn()
Time taken: 0.572995ms

turn 351:
Sending endTurn()
Time taken: 0.868957ms

turn 352:
Sending endTurn()
Time taken: 0.584074ms

turn 353:
Sending endTurn()
Time taken: 0.553055ms

turn 354:
Sending endTurn()
Time taken: 0.560988ms

turn 355:
Sending endTurn()
Time taken: 0.559932ms

turn 356:
Sending endTurn()
Time taken: 0.629886ms

turn 357:
Sending endTurn()
Time taken: 0.617081ms

turn 358:
Sending endTurn()
Time taken: 0.612962ms

turn 359:
Sending endTurn()
Time taken: 0.624912ms

turn 360:
Sending endTurn()
Time taken: 0.609051ms

turn 361:
Sending endTurn()
Time taken: 0.608991ms

turn 362:
Sending endTurn()
Time taken: 0.605908ms

turn 363:
Sending endTurn()
Time taken: 0.615073ms

turn 364:
Sending endTurn()
Time taken: 0.614047ms

turn 365:
Sending endTurn()
Time taken: 1.40204ms

turn 366:
Sending endTurn()
Time taken: 0.610893ms

turn 367:
Sending endTurn()
Time taken: 0.826011ms

turn 368:
Sending endTurn()
Time taken: 0.642952ms

turn 369:
Sending endTurn()
Time taken: 0.613897ms

turn 370:
Sending endTurn()
Time taken: 0.616088ms

turn 371:
Sending endTurn()
Time taken: 0.615036ms

turn 372:
Sending endTurn()
Time taken: 0.618014ms

turn 373:
Sending endTurn()
Time taken: 0.86304ms

turn 374:
Sending endTurn()
Time taken: 4.68599ms

turn 375:
Sending endTurn()
Time taken: 0.617883ms

turn 376:
Sending endTurn()
Time taken: 0.843115ms

turn 377:
Sending endTurn()
Time taken: 0.623932ms

turn 378:
Sending endTurn()
Time taken: 0.71293ms

turn 379:
Sending endTurn()
Time taken: 0.92099ms

turn 380:
Sending endTurn()
Time taken: 0.68611ms

turn 381:
Sending endTurn()
Time taken: 0.679063ms

turn 382:
Sending endTurn()
Time taken: 0.688102ms

turn 383:
Sending endTurn()
Time taken: 0.688093ms

turn 384:
Sending endTurn()
Time taken: 0.686943ms

turn 385:
Sending endTurn()
Time taken: 0.703997ms

turn 386:
Sending endTurn()
Time taken: 0.693101ms

turn 387:
Sending endTurn()
Time taken: 0.685094ms

turn 388:
Sending endTurn()
Time taken: 0.835077ms

turn 389:
Sending endTurn()
Time taken: 0.694027ms

turn 390:
Sending endTurn()
Time taken: 0.686026ms

turn 391:
Sending endTurn()
Time taken: 0.682926ms

turn 392:
Sending endTurn()
Time taken: 0.710029ms

turn 393:
Sending endTurn()
Time taken: 0.688061ms

turn 394:
Sending endTurn()
Time taken: 0.776072ms

turn 395:
Sending endTurn()
Time taken: 0.703081ms

turn 396:
Sending endTurn()
Time taken: 0.779074ms

turn 397:
Sending endTurn()
Time taken: 0.711963ms

turn 398:
Sending endTurn()
Time taken: 0.685925ms

turn 399:
Sending endTurn()
Time taken: 0.688951ms

turn 400:
Sending endTurn()
Time taken: 0.691915ms

turn 401:
Sending endTurn()
Time taken: 0.706097ms

turn 402:
Sending endTurn()
Time taken: 0.977998ms

turn 403:
Sending endTurn()
Time taken: 0.688892ms

turn 404:
Sending endTurn()
Time taken: 0.689958ms

turn 405:
Sending endTurn()
Time taken: 0.683999ms

turn 406:
Sending endTurn()
Time taken: 0.686015ms

turn 407:
Sending endTurn()
Time taken: 0.703066ms

turn 408:
Sending endTurn()
Time taken: 0.685083ms

turn 409:
Sending endTurn()
Time taken: 4.7079ms

turn 410:
Sending endTurn()
Time taken: 0.68908ms

turn 411:
Sending endTurn()
Time taken: 0.686974ms

turn 412:
Sending endTurn()
Time taken: 0.685067ms

turn 413:
Sending endTurn()
Time taken: 0.686905ms

turn 414:
Sending endTurn()
Time taken: 0.692035ms

turn 415:
Sending endTurn()
Time taken: 0.699039ms

turn 416:
Sending endTurn()
Time taken: 0.69196ms

turn 417:
Sending endTurn()
Time taken: 4.97696ms

turn 418:
Sending endTurn()
Time taken: 0.682079ms

turn 419:
Sending endTurn()
Time taken: 0.690092ms

turn 420:
Sending endTurn()
Time taken: 0.698058ms

turn 421:
Sending endTurn()
Time taken: 0.711958ms

turn 422:
Sending endTurn()
Time taken: 0.696108ms

turn 423:
Sending endTurn()
Time taken: 0.687888ms

turn 424:
Sending endTurn()
Time taken: 0.688975ms

turn 425:
Sending endTurn()
Time taken: 0.679015ms

turn 426:
Sending endTurn()
Time taken: 0.687064ms

turn 427:
Sending endTurn()
Time taken: 0.617051ms

turn 428:
Sending endTurn()
Time taken: 0.641938ms

turn 429:
Sending endTurn()
Time taken: 0.614889ms

turn 430:
Sending endTurn()
Time taken: 0.620021ms

turn 431:
Sending endTurn()
Time taken: 0.620057ms

turn 432:
Sending endTurn()
Time taken: 0.638052ms

turn 433:
Sending endTurn()
Time taken: 0.612999ms

turn 434:
Sending endTurn()
Time taken: 0.610998ms

turn 435:
Sending endTurn()
Time taken: 0.61797ms

turn 436:
Sending endTurn()
Time taken: 0.622067ms

turn 437:
Sending endTurn()
Time taken: 0.618911ms

turn 438:
Sending endTurn()
Time taken: 0.620918ms

turn 439:
Sending endTurn()
Time taken: 0.617087ms

turn 440:
Sending endTurn()
Time taken: 0.612899ms

turn 441:
Sending endTurn()
Time taken: 0.613998ms

turn 442:
Sending endTurn()
Time taken: 0.837945ms

turn 443:
Sending endTurn()
Time taken: 0.622964ms

turn 444:
Sending endTurn()
Time taken: 0.613906ms

turn 445:
Sending endTurn()
Time taken: 0.614016ms

turn 446:
Sending endTurn()
Time taken: 0.616957ms

turn 447:
Sending endTurn()
Time taken: 0.618037ms

turn 448:
Sending endTurn()
Time taken: 4.73303ms

turn 449:
Sending endTurn()
Time taken: 0.622029ms

turn 450:
Sending endTurn()
Time taken: 4.71611ms

turn 451:
Sending endTurn()
Time taken: 0.771078ms

turn 452:
Sending endTurn()
Time taken: 0.69397ms

turn 453:
Sending endTurn()
Time taken: 0.741101ms

turn 454:
Sending endTurn()
Time taken: 0.743941ms

turn 455:
Sending endTurn()
Time taken: 0.830989ms

turn 456:
Sending endTurn()
Time taken: 0.807955ms

turn 457:
Sending endTurn()
Time taken: 0.807886ms

turn 458:
Sending endTurn()
Time taken: 0.805969ms

turn 459:
Sending endTurn()
Time taken: 1.0311ms

turn 460:
Sending endTurn()
Time taken: 0.808952ms

turn 461:
Sending endTurn()
Time taken: 0.821881ms

turn 462:
Sending endTurn()
Time taken: 0.80209ms

turn 463:
Sending endTurn()
Time taken: 0.8061ms

turn 464:
Sending endTurn()
Time taken: 1.60604ms

turn 465:
Sending endTurn()
Time taken: 0.798919ms

turn 466:
Sending endTurn()
Time taken: 0.803103ms

turn 467:
Sending endTurn()
Time taken: 5.24101ms

turn 468:
Sending endTurn()
Time taken: 5.15396ms

turn 469:
Sending endTurn()
Time taken: 0.802955ms

turn 470:
Sending endTurn()
Time taken: 1.067ms

turn 471:
Sending endTurn()
Time taken: 0.79908ms

turn 472:
Sending endTurn()
Time taken: 0.801996ms

turn 473:
Sending endTurn()
Time taken: 0.802085ms

turn 474:
Sending endTurn()
Time taken: 0.813057ms

turn 475:
Sending endTurn()
Time taken: 0.813116ms

turn 476:
Sending endTurn()
Time taken: 1.08009ms

turn 477:
Sending endTurn()
Time taken: 0.81301ms

turn 478:
Sending endTurn()
Time taken: 0.881994ms

turn 479:
Sending endTurn()
Time taken: 0.888037ms

turn 480:
Sending endTurn()
Time taken: 0.862094ms

turn 481:
Sending endTurn()
Time taken: 0.865012ms

turn 482:
Sending endTurn()
Time taken: 0.87506ms

turn 483:
Sending endTurn()
Time taken: 0.862973ms

turn 484:
Sending endTurn()
Time taken: 0.870979ms

turn 485:
Sending endTurn()
Time taken: 0.868909ms

turn 486:
Sending endTurn()
Time taken: 0.866893ms

turn 487:
Sending endTurn()
Time taken: 0.86306ms

turn 488:
Sending endTurn()
Time taken: 0.871928ms

turn 489:
Sending endTurn()
Time taken: 0.871034ms

turn 490:
Sending endTurn()
Time taken: 0.871886ms

turn 491:
Sending endTurn()
Time taken: 0.867033ms

turn 492:
Sending endTurn()
Time taken: 0.871096ms

turn 493:
Sending endTurn()
Time taken: 1.04292ms

turn 494:
Sending endTurn()
Time taken: 0.861965ms

turn 495:
Sending endTurn()
Time taken: 0.881102ms

turn 496:
Sending endTurn()
Time taken: 0.860076ms

turn 497:
Sending endTurn()
Time taken: 5.00309ms

turn 498:
Sending endTurn()
Time taken: 0.877011ms

turn 499:
Sending endTurn()
Time taken: 0.870983ms

turn 500:
Sending endTurn()
Time taken: 1.1149ms

turn 501:
Sending endTurn()
Time taken: 0.865937ms

turn 502:
Sending endTurn()
Time taken: 0.894014ms

turn 503:
Sending endTurn()
Time taken: 0.87893ms

turn 504:
Sending endTurn()
Time taken: 0.866948ms

turn 505:
Sending endTurn()
Time taken: 7.6029ms

turn 506:
Sending endTurn()
Time taken: 0.871928ms

turn 507:
Sending endTurn()
Time taken: 0.874103ms

turn 508:
Sending endTurn()
Time taken: 0.866941ms

turn 509:
Sending endTurn()
Time taken: 0.883927ms

turn 510:
Sending endTurn()
Time taken: 4.95496ms

turn 511:
Sending endTurn()
Time taken: 0.867069ms

turn 512:
Sending endTurn()
Time taken: 0.870059ms

turn 513:
Sending endTurn()
Time taken: 0.89102ms

turn 514:
Sending endTurn()
Time taken: 0.869911ms

turn 515:
Sending endTurn()
Time taken: 0.865919ms

turn 516:
Sending endTurn()
Time taken: 0.867025ms

turn 517:
Sending endTurn()
Time taken: 0.865096ms

turn 518:
Sending endTurn()
Time taken: 0.858894ms

turn 519:
Sending endTurn()
Time taken: 0.868984ms

turn 520:
Sending endTurn()
Time taken: 0.872954ms

turn 521:
Sending endTurn()
Time taken: 0.887033ms

turn 522:
Sending endTurn()
Time taken: 5.1371ms

turn 523:
Sending endTurn()
Time taken: 0.870085ms

turn 524:
Sending endTurn()
Time taken: 0.871117ms

turn 525:
Sending endTurn()
Time taken: 0.864004ms

turn 526:
Sending endTurn()
Time taken: 0.864913ms

turn 527:
Sending endTurn()
Time taken: 0.886082ms

turn 528:
Sending endTurn()
Time taken: 0.857907ms

turn 529:
Sending endTurn()
Time taken: 0.858908ms

turn 530:
Sending endTurn()
Time taken: 0.893032ms

turn 531:
Sending endTurn()
Time taken: 0.878997ms

turn 532:
Sending endTurn()
Time taken: 0.863939ms

turn 533:
Sending endTurn()
Time taken: 0.867022ms

turn 534:
Sending endTurn()
Time taken: 0.865912ms

turn 535:
Sending endTurn()
Time taken: 0.86811ms

turn 536:
Sending endTurn()
Time taken: 0.865ms

turn 537:
Sending endTurn()
Time taken: 1.36508ms

turn 538:
Sending endTurn()
Time taken: 0.86311ms

turn 539:
Sending endTurn()
Time taken: 0.872091ms

turn 540:
Sending endTurn()
Time taken: 0.863094ms

turn 541:
Sending endTurn()
Time taken: 0.872944ms

turn 542:
Sending endTurn()
Time taken: 0.868952ms

turn 543:
Sending endTurn()
Time taken: 0.876014ms

turn 544:
Sending endTurn()
Time taken: 0.883995ms

turn 545:
Sending endTurn()
Time taken: 0.885094ms

turn 546:
Sending endTurn()
Time taken: 0.857064ms

turn 547:
Sending endTurn()
Time taken: 0.858056ms

turn 548:
Sending endTurn()
Time taken: 0.870078ms

turn 549:
Sending endTurn()
Time taken: 0.882989ms

turn 550:
Sending endTurn()
Time taken: 0.88992ms

turn 551:
Sending endTurn()
Time taken: 0.865042ms

turn 552:
Sending endTurn()
Time taken: 0.860029ms

turn 553:
Sending endTurn()
Time taken: 0.870094ms

turn 554:
Sending endTurn()
Time taken: 0.86299ms

turn 555:
Sending endTurn()
Time taken: 0.893112ms

turn 556:
Sending endTurn()
Time taken: 0.871991ms

turn 557:
Sending endTurn()
Time taken: 0.86803ms

turn 558:
Sending endTurn()
Time taken: 0.86609ms

turn 559:
Sending endTurn()
Time taken: 0.869098ms

turn 560:
Sending endTurn()
Time taken: 1.1121ms

turn 561:
Sending endTurn()
Time taken: 1.0491ms

turn 562:
Sending endTurn()
Time taken: 0.863969ms

turn 563:
Sending endTurn()
Time taken: 0.863969ms

turn 564:
Sending endTurn()
Time taken: 0.865924ms

turn 565:
Sending endTurn()
Time taken: 0.889112ms

turn 566:
Sending endTurn()
Time taken: 0.879953ms

turn 567:
Sending endTurn()
Time taken: 1.23305ms

turn 568:
Sending endTurn()
Time taken: 0.948991ms

turn 569:
Sending endTurn()
Time taken: 0.948914ms

turn 570:
Sending endTurn()
Time taken: 0.868985ms

turn 571:
Sending endTurn()
Time taken: 0.885066ms

turn 572:
Sending endTurn()
Time taken: 0.873064ms

turn 573:
Sending endTurn()
Time taken: 0.862931ms

turn 574:
Sending endTurn()
Time taken: 1.09604ms

turn 575:
Sending endTurn()
Time taken: 0.887011ms

turn 576:
Sending endTurn()
Time taken: 0.86693ms

turn 577:
Sending endTurn()
Time taken: 0.805945ms

turn 578:
Sending endTurn()
Time taken: 0.817025ms

turn 579:
Sending endTurn()
Time taken: 1.01088ms

turn 580:
Sending endTurn()
Time taken: 0.806987ms

turn 581:
Sending endTurn()
Time taken: 0.809892ms

turn 582:
Sending endTurn()
Time taken: 0.803116ms

turn 583:
Sending endTurn()
Time taken: 0.802036ms

turn 584:
Sending endTurn()
Time taken: 1.07102ms

turn 585:
Sending endTurn()
Time taken: 0.807113ms

turn 586:
Sending endTurn()
Time taken: 0.810922ms

turn 587:
Sending endTurn()
Time taken: 0.833049ms

turn 588:
Sending endTurn()
Time taken: 0.813115ms

turn 589:
Sending endTurn()
Time taken: 0.810002ms

turn 590:
Sending endTurn()
Time taken: 0.815069ms

turn 591:
Sending endTurn()
Time taken: 0.813082ms

turn 592:
Sending endTurn()
Time taken: 0.809989ms

turn 593:
Sending endTurn()
Time taken: 0.856112ms

turn 594:
Sending endTurn()
Time taken: 0.813019ms

turn 595:
Sending endTurn()
Time taken: 0.808105ms

turn 596:
Sending endTurn()
Time taken: 1.04995ms

turn 597:
Sending endTurn()
Time taken: 0.819897ms

turn 598:
Sending endTurn()
Time taken: 0.799957ms

turn 599:
Sending endTurn()
Time taken: 0.805082ms

turn 600:
Sending endTurn()
Time taken: 0.869981ms

turn 601:
Sending endTurn()
Time taken: 0.809883ms

turn 602:
Sending endTurn()
Time taken: 0.813102ms

turn 603:
Sending endTurn()
Time taken: 0.808892ms

turn 604:
Sending endTurn()
Time taken: 0.810078ms

turn 605:
Sending endTurn()
Time taken: 0.805946ms

turn 606:
Sending endTurn()
Time taken: 0.811047ms

turn 607:
Sending endTurn()
Time taken: 0.813912ms

turn 608:
Sending endTurn()
Time taken: 0.871883ms

turn 609:
Sending endTurn()
Time taken: 1.87007ms

turn 610:
Sending endTurn()
Time taken: 0.885113ms

turn 611:
Sending endTurn()
Time taken: 0.911098ms

turn 612:
Sending endTurn()
Time taken: 0.870943ms

turn 613:
Sending endTurn()
Time taken: 1.09003ms

turn 614:
Sending endTurn()
Time taken: 0.870881ms

turn 615:
Sending endTurn()
Time taken: 0.865062ms

turn 616:
Sending endTurn()
Time taken: 0.868099ms

turn 617:
Sending endTurn()
Time taken: 0.886075ms

turn 618:
Sending endTurn()
Time taken: 1.91396ms

turn 619:
Sending endTurn()
Time taken: 0.866922ms

turn 620:
Sending endTurn()
Time taken: 0.865915ms

turn 621:
Sending endTurn()
Time taken: 0.871997ms

turn 622:
Sending endTurn()
Time taken: 1.23205ms

turn 623:
Sending endTurn()
Time taken: 0.868883ms

turn 624:
Sending endTurn()
Time taken: 0.870883ms

turn 625:
Sending endTurn()
Time taken: 0.866891ms

turn 626:
Sending endTurn()
Time taken: 0.873115ms

turn 627:
Sending endTurn()
Time taken: 0.888052ms

turn 628:
Sending endTurn()
Time taken: 0.861937ms

turn 629:
Sending endTurn()
Time taken: 0.861918ms

turn 630:
Sending endTurn()
Time taken: 0.876995ms

turn 631:
Sending endTurn()
Time taken: 0.864997ms

turn 632:
Sending endTurn()
Time taken: 1.15002ms

turn 633:
Sending endTurn()
Time taken: 0.862942ms

turn 634:
Sending endTurn()
Time taken: 0.864077ms

turn 635:
Sending endTurn()
Time taken: 0.866018ms

turn 636:
Sending endTurn()
Time taken: 0.86589ms

turn 637:
Sending endTurn()
Time taken: 0.871911ms

turn 638:
Sending endTurn()
Time taken: 0.86703ms

turn 639:
Sending endTurn()
Time taken: 0.871011ms

turn 640:
Sending endTurn()
Time taken: 0.872912ms

turn 641:
Sending endTurn()
Time taken: 0.873998ms

turn 642:
Sending endTurn()
Time taken: 0.891076ms

turn 643:
Sending endTurn()
Time taken: 0.871929ms

turn 644:
Sending endTurn()
Time taken: 0.869098ms

turn 645:
Sending endTurn()
Time taken: 0.887889ms

turn 646:
Sending endTurn()
Time taken: 19.6399ms

turn 647:
Sending endTurn()
Time taken: 0.89609ms

turn 648:
Sending endTurn()
Time taken: 0.874953ms

turn 649:
Sending endTurn()
Time taken: 0.866025ms

turn 650:
Sending endTurn()
Time taken: 0.86793ms

turn 651:
Sending endTurn()
Time taken: 0.89404ms

turn 652:
Sending endTurn()
Time taken: 0.887979ms

turn 653:
Sending endTurn()
Time taken: 0.870072ms

turn 654:
Sending endTurn()
Time taken: 0.867978ms

turn 655:
Sending endTurn()
Time taken: 0.898949ms

turn 656:
Sending endTurn()
Time taken: 0.879999ms

turn 657:
Sending endTurn()
Time taken: 0.899057ms

turn 658:
Sending endTurn()
Time taken: 0.873118ms

turn 659:
Sending endTurn()
Time taken: 0.869881ms

turn 660:
Sending endTurn()
Time taken: 2.37306ms

turn 661:
Sending endTurn()
Time taken: 0.865912ms

turn 662:
Sending endTurn()
Time taken: 0.86702ms

turn 663:
Sending endTurn()
Time taken: 0.864986ms

turn 664:
Sending endTurn()
Time taken: 0.887927ms

turn 665:
Sending endTurn()
Time taken: 1.06893ms

turn 666:
Sending endTurn()
Time taken: 0.886005ms

turn 667:
Sending endTurn()
Time taken: 0.869948ms

turn 668:
Sending endTurn()
Time taken: 0.865105ms

turn 669:
Sending endTurn()
Time taken: 0.860045ms

turn 670:
Sending endTurn()
Time taken: 0.870039ms

turn 671:
Sending endTurn()
Time taken: 0.865898ms

turn 672:
Sending endTurn()
Time taken: 0.867884ms

turn 673:
Sending endTurn()
Time taken: 0.873955ms

turn 674:
Sending endTurn()
Time taken: 0.860059ms

turn 675:
Sending endTurn()
Time taken: 0.863034ms

turn 676:
Sending endTurn()
Time taken: 0.864968ms

turn 677:
Sending endTurn()
Time taken: 0.863057ms

turn 678:
Sending endTurn()
Time taken: 0.864063ms

turn 679:
Sending endTurn()
Time taken: 0.872058ms

turn 680:
Sending endTurn()
Time taken: 0.867943ms

turn 681:
Sending endTurn()
Time taken: 0.877989ms

turn 682:
Sending endTurn()
Time taken: 0.880895ms

turn 683:
Sending endTurn()
Time taken: 3.9291ms

turn 684:
Sending endTurn()
Time taken: 0.872023ms

turn 685:
Sending endTurn()
Time taken: 0.862969ms

turn 686:
Sending endTurn()
Time taken: 0.867045ms

turn 687:
Sending endTurn()
Time taken: 0.868982ms

turn 688:
Sending endTurn()
Time taken: 1.26399ms

turn 689:
Sending endTurn()
Time taken: 0.885118ms

turn 690:
Sending endTurn()
Time taken: 0.869081ms

turn 691:
Sending endTurn()
Time taken: 4.94798ms

turn 692:
Sending endTurn()
Time taken: 0.920913ms

turn 693:
Sending endTurn()
Time taken: 0.89404ms

turn 694:
Sending endTurn()
Time taken: 0.889886ms

turn 695:
Sending endTurn()
Time taken: 1.11591ms

turn 696:
Sending endTurn()
Time taken: 1.10699ms

turn 697:
Sending endTurn()
Time taken: 0.868074ms

turn 698:
Sending endTurn()
Time taken: 0.89193ms

turn 699:
Sending endTurn()
Time taken: 0.893059ms

turn 700:
Sending endTurn()
Time taken: 0.870943ms

turn 701:
Sending endTurn()
Time taken: 0.868888ms

turn 702:
Sending endTurn()
Time taken: 0.873903ms

turn 703:
Sending endTurn()
Time taken: 0.866055ms

turn 704:
Sending endTurn()
Time taken: 0.893922ms

turn 705:
Sending endTurn()
Time taken: 0.865893ms

turn 706:
Sending endTurn()
Time taken: 0.869095ms

turn 707:
Sending endTurn()
Time taken: 0.862922ms

turn 708:
Sending endTurn()
Time taken: 0.893914ms

turn 709:
Sending endTurn()
Time taken: 0.869996ms

turn 710:
Sending endTurn()
Time taken: 0.861048ms

turn 711:
Sending endTurn()
Time taken: 1.08512ms

turn 712:
Sending endTurn()
Time taken: 0.868947ms

turn 713:
Sending endTurn()
Time taken: 0.886087ms

turn 714:
Sending endTurn()
Time taken: 0.854973ms

turn 715:
Sending endTurn()
Time taken: 0.854987ms

turn 716:
Sending endTurn()
Time taken: 0.856943ms

turn 717:
Sending endTurn()
Time taken: 1.10699ms

turn 718:
Sending endTurn()
Time taken: 0.887932ms

turn 719:
Sending endTurn()
Time taken: 1.07808ms

turn 720:
Sending endTurn()
Time taken: 4.80409ms

turn 721:
Sending endTurn()
Time taken: 0.865102ms

turn 722:
Sending endTurn()
Time taken: 0.932971ms

turn 723:
Sending endTurn()
Time taken: 1.03298ms

turn 724:
Sending endTurn()
Time taken: 1.13389ms

turn 725:
Sending endTurn()
Time taken: 0.926938ms

turn 726:
Sending endTurn()
Time taken: 0.925079ms

turn 727:
Sending endTurn()
Time taken: 0.953918ms

turn 728:
Sending endTurn()
Time taken: 0.936975ms

turn 729:
Sending endTurn()
Time taken: 0.993929ms

turn 730:
Sending endTurn()
Time taken: 1.259ms

turn 731:
Sending endTurn()
Time taken: 1.29189ms

turn 732:
Sending endTurn()
Time taken: 1.01498ms

turn 733:
Sending endTurn()
Time taken: 0.98696ms

turn 734:
Sending endTurn()
Time taken: 0.99207ms

turn 735:
Sending endTurn()
Time taken: 0.988994ms

turn 736:
Sending endTurn()
Time taken: 1.25996ms

turn 737:
Sending endTurn()
Time taken: 1.11101ms

turn 738:
Sending endTurn()
Time taken: 0.988885ms

turn 739:
Sending endTurn()
Time taken: 0.990978ms

turn 740:
Sending endTurn()
Time taken: 1.22411ms

turn 741:
Sending endTurn()
Time taken: 1.37703ms

turn 742:
Sending endTurn()
Time taken: 0.985945ms

turn 743:
Sending endTurn()
Time taken: 0.99092ms

turn 744:
Sending endTurn()
Time taken: 0.980991ms

turn 745:
Sending endTurn()
Time taken: 1.28893ms

turn 746:
Sending endTurn()
Time taken: 1.0121ms

turn 747:
Sending endTurn()
Time taken: 0.991037ms

turn 748:
Sending endTurn()
Time taken: 1.39293ms

turn 749:
Sending endTurn()
Time taken: 1.01808ms

turn 750:
Sending endTurn()
Time taken: 0.991036ms

turn 751:
Sending endTurn()
Time taken: 1.08805ms

turn 752:
Sending endTurn()
Time taken: 1.1879ms

turn 753:
Sending endTurn()
Time taken: 1.01697ms

turn 754:
Sending endTurn()
Time taken: 0.990078ms

turn 755:
Sending endTurn()
Time taken: 1.22095ms

turn 756:
Sending endTurn()
Time taken: 0.979919ms

turn 757:
Sending endTurn()
Time taken: 0.991075ms

turn 758:
Sending endTurn()
Time taken: 1.00895ms

turn 759:
Sending endTurn()
Time taken: 0.996916ms

turn 760:
Sending endTurn()
Time taken: 0.993043ms

turn 761:
Sending endTurn()
Time taken: 0.983996ms

turn 762:
Sending endTurn()
Time taken: 5.11604ms

turn 763:
Sending endTurn()
Time taken: 1.01291ms

turn 764:
Sending endTurn()
Time taken: 0.993097ms

turn 765:
Sending endTurn()
Time taken: 1.29393ms

turn 766:
Sending endTurn()
Time taken: 1.18495ms

turn 767:
Sending endTurn()
Time taken: 0.998068ms

turn 768:
Sending endTurn()
Time taken: 1.00897ms

turn 769:
Sending endTurn()
Time taken: 0.995964ms

turn 770:
Sending endTurn()
Time taken: 0.990091ms

turn 771:
Sending endTurn()
Time taken: 0.988987ms

turn 772:
Sending endTurn()
Time taken: 0.993941ms

turn 773:
Sending endTurn()
Time taken: 1.31704ms

turn 774:
Sending endTurn()
Time taken: 1.03398ms

turn 775:
Sending endTurn()
Time taken: 1.00409ms

turn 776:
Sending endTurn()
Time taken: 1.01693ms

turn 777:
Sending endTurn()
Time taken: 0.929919ms

turn 778:
Sending endTurn()
Time taken: 0.930949ms

turn 779:
Sending endTurn()
Time taken: 5.00909ms

turn 780:
Sending endTurn()
Time taken: 0.949113ms

turn 781:
Sending endTurn()
Time taken: 0.930953ms

turn 782:
Sending endTurn()
Time taken: 0.940926ms

turn 783:
Sending endTurn()
Time taken: 0.956985ms

turn 784:
Sending endTurn()
Time taken: 0.93209ms

turn 785:
Sending endTurn()
Time taken: 0.934882ms

turn 786:
Sending endTurn()
Time taken: 0.928ms

turn 787:
Sending endTurn()
Time taken: 0.952923ms

turn 788:
Sending endTurn()
Time taken: 0.964903ms

turn 789:
Sending endTurn()
Time taken: 0.927963ms

turn 790:
Sending endTurn()
Time taken: 1.30108ms

turn 791:
Sending endTurn()
Time taken: 0.933117ms

turn 792:
Sending endTurn()
Time taken: 0.928996ms

turn 793:
Sending endTurn()
Time taken: 0.975002ms

turn 794:
Sending endTurn()
Time taken: 0.94708ms

turn 795:
Sending endTurn()
Time taken: 1.248ms

turn 796:
Sending endTurn()
Time taken: 0.94703ms

turn 797:
Sending endTurn()
Time taken: 0.928944ms

turn 798:
Sending endTurn()
Time taken: 1.1129ms

turn 799:
Sending endTurn()
Time taken: 1.17199ms

turn 800:
Sending endTurn()
Time taken: 0.935017ms

turn 801:
Sending endTurn()
Time taken: 0.926979ms

turn 802:
Sending endTurn()
Time taken: 0.928018ms

turn 803:
Sending endTurn()
Time taken: 0.925958ms

turn 804:
Sending endTurn()
Time taken: 1.19008ms

turn 805:
Sending endTurn()
Time taken: 0.863004ms

turn 806:
Sending endTurn()
Time taken: 0.884997ms

turn 807:
Sending endTurn()
Time taken: 1.08409ms

turn 808:
Sending endTurn()
Time taken: 0.866991ms

turn 809:
Sending endTurn()
Time taken: 0.86508ms

turn 810:
Sending endTurn()
Time taken: 1.12393ms

turn 811:
Sending endTurn()
Time taken: 0.886106ms

turn 812:
Sending endTurn()
Time taken: 0.88708ms

turn 813:
Sending endTurn()
Time taken: 0.879112ms

turn 814:
Sending endTurn()
Time taken: 0.867966ms

turn 815:
Sending endTurn()
Time taken: 0.892921ms

turn 816:
Sending endTurn()
Time taken: 0.8759ms

turn 817:
Sending endTurn()
Time taken: 1.10404ms

turn 818:
Sending endTurn()
Time taken: 0.878016ms

turn 819:
Sending endTurn()
Time taken: 4.99996ms

turn 820:
Sending endTurn()
Time taken: 4.95896ms

turn 821:
Sending endTurn()
Time taken: 0.862902ms

turn 822:
Sending endTurn()
Time taken: 1.11107ms

turn 823:
Sending endTurn()
Time taken: 1.09902ms

turn 824:
Sending endTurn()
Time taken: 1.07993ms

turn 825:
Sending endTurn()
Time taken: 0.87396ms

turn 826:
Sending endTurn()
Time taken: 0.87508ms

turn 827:
Sending endTurn()
Time taken: 0.86806ms

turn 828:
Sending endTurn()
Time taken: 4.94105ms

turn 829:
Sending endTurn()
Time taken: 0.867962ms

turn 830:
Sending endTurn()
Time taken: 0.868892ms

turn 831:
Sending endTurn()
Time taken: 1.13404ms

turn 832:
Sending endTurn()
Time taken: 1.05801ms

turn 833:
Sending endTurn()
Time taken: 0.873114ms

turn 834:
Sending endTurn()
Time taken: 0.879891ms

turn 835:
Sending endTurn()
Time taken: 1.16111ms

turn 836:
Sending endTurn()
Time taken: 0.865116ms

turn 837:
Sending endTurn()
Time taken: 0.867983ms

turn 838:
Sending endTurn()
Time taken: 0.862998ms

turn 839:
Sending endTurn()
Time taken: 0.880917ms

turn 840:
Sending endTurn()
Time taken: 1.22805ms

turn 841:
Sending endTurn()
Time taken: 0.884965ms

turn 842:
Sending endTurn()
Time taken: 1.34905ms

turn 843:
Sending endTurn()
Time taken: 0.871083ms

turn 844:
Sending endTurn()
Time taken: 0.865971ms

turn 845:
Sending endTurn()
Time taken: 0.867941ms

turn 846:
Sending endTurn()
Time taken: 0.869064ms

turn 847:
Sending endTurn()
Time taken: 0.868038ms

turn 848:
Sending endTurn()
Time taken: 0.869051ms

turn 849:
Sending endTurn()
Time taken: 1.15495ms

turn 850:
Sending endTurn()
Time taken: 0.866925ms

turn 851:
Sending endTurn()
Time taken: 0.885077ms

turn 852:
Sending endTurn()
Time taken: 1.1459ms

turn 853:
Sending endTurn()
Time taken: 0.869077ms

turn 854:
Sending endTurn()
Time taken: 0.86511ms

turn 855:
Sending endTurn()
Time taken: 0.869995ms

turn 856:
Sending endTurn()
Time taken: 0.868001ms

turn 857:
Sending endTurn()
Time taken: 5.75012ms

turn 858:
Sending endTurn()
Time taken: 0.873926ms

turn 859:
Sending endTurn()
Time taken: 1.16292ms

turn 860:
Sending endTurn()
Time taken: 1.16797ms

turn 861:
Sending endTurn()
Time taken: 0.875094ms

turn 862:
Sending endTurn()
Time taken: 1.23397ms

turn 863:
Sending endTurn()
Time taken: 0.872024ms

turn 864:
Sending endTurn()
Time taken: 0.872892ms

turn 865:
Sending endTurn()
Time taken: 0.872019ms

turn 866:
Sending endTurn()
Time taken: 0.897921ms

turn 867:
Sending endTurn()
Time taken: 1.14709ms

turn 868:
Sending endTurn()
Time taken: 1.11809ms

turn 869:
Sending endTurn()
Time taken: 5.05089ms

turn 870:
Sending endTurn()
Time taken: 0.866987ms

turn 871:
Sending endTurn()
Time taken: 1.12404ms

turn 872:
Sending endTurn()
Time taken: 1.09506ms

turn 873:
Sending endTurn()
Time taken: 0.890006ms

turn 874:
Sending endTurn()
Time taken: 0.865915ms

turn 875:
Sending endTurn()
Time taken: 0.867017ms

turn 876:
Sending endTurn()
Time taken: 0.86706ms

turn 877:
Sending endTurn()
Time taken: 0.865891ms

turn 878:
Sending endTurn()
Time taken: 1.1369ms

turn 879:
Sending endTurn()
Time taken: 1.20805ms

turn 880:
Sending endTurn()
Time taken: 0.892884ms

turn 881:
Sending endTurn()
Time taken: 0.871049ms

turn 882:
Sending endTurn()
Time taken: 0.887046ms

turn 883:
Sending endTurn()
Time taken: 0.806988ms

turn 884:
Sending endTurn()
Time taken: 0.801934ms

turn 885:
Sending endTurn()
Time taken: 0.832006ms

turn 886:
Sending endTurn()
Time taken: 0.813105ms

turn 887:
Sending endTurn()
Time taken: 0.803966ms

turn 888:
Sending endTurn()
Time taken: 0.811035ms

turn 889:
Sending endTurn()
Time taken: 0.832974ms

turn 890:
Sending endTurn()
Time taken: 4.91307ms

turn 891:
Sending endTurn()
Time taken: 0.813899ms

turn 892:
Sending endTurn()
Time taken: 5.61994ms

turn 893:
Sending endTurn()
Time taken: 0.829033ms

turn 894:
Sending endTurn()
Time taken: 4.94697ms

turn 895:
Sending endTurn()
Time taken: 0.81394ms

turn 896:
Sending endTurn()
Time taken: 0.809964ms

turn 897:
Sending endTurn()
Time taken: 5.02703ms

turn 898:
Sending endTurn()
Time taken: 0.807072ms

turn 899:
Sending endTurn()
Time taken: 0.808037ms

turn 900:
Sending endTurn()
Time taken: 0.831015ms

turn 901:
Sending endTurn()
Time taken: 0.803101ms

turn 902:
Sending endTurn()
Time taken: 0.850066ms

turn 903:
Sending endTurn()
Time taken: 0.803039ms

turn 904:
Sending endTurn()
Time taken: 1.0019ms

turn 905:
Sending endTurn()
Time taken: 0.817885ms

turn 906:
Sending endTurn()
Time taken: 0.807056ms

turn 907:
Sending endTurn()
Time taken: 0.809096ms

turn 908:
Sending endTurn()
Time taken: 0.827947ms

turn 909:
Sending endTurn()
Time taken: 0.841072ms

turn 910:
Sending endTurn()
Time taken: 0.803982ms

turn 911:
Sending endTurn()
Time taken: 0.829056ms

turn 912:
Sending endTurn()
Time taken: 4.92004ms

turn 913:
Sending endTurn()
Time taken: 0.822902ms

turn 914:
Sending endTurn()
Time taken: 1.01703ms

turn 915:
Sending endTurn()
Time taken: 0.809947ms

turn 916:
Sending endTurn()
Time taken: 0.812982ms

turn 917:
Sending endTurn()
Time taken: 0.8071ms

turn 918:
Sending endTurn()
Time taken: 1.06492ms

turn 919:
Sending endTurn()
Time taken: 1.01403ms

turn 920:
Sending endTurn()
Time taken: 0.808937ms

turn 921:
Sending endTurn()
Time taken: 0.876998ms

turn 922:
Sending endTurn()
Time taken: 0.808884ms

turn 923:
Sending endTurn()
Time taken: 0.811928ms

turn 924:
Sending endTurn()
Time taken: 0.870016ms

turn 925:
Sending endTurn()
Time taken: 0.87609ms

turn 926:
Sending endTurn()
Time taken: 0.868083ms

turn 927:
Sending endTurn()
Time taken: 1.11699ms

turn 928:
Sending endTurn()
Time taken: 5.04704ms

turn 929:
Sending endTurn()
Time taken: 0.855934ms

turn 930:
Sending endTurn()
Time taken: 0.886982ms

turn 931:
Sending endTurn()
Time taken: 0.8691ms

turn 932:
Sending endTurn()
Time taken: 1.16308ms

turn 933:
Sending endTurn()
Time taken: 0.864083ms

turn 934:
Sending endTurn()
Time taken: 0.870933ms

turn 935:
Sending endTurn()
Time taken: 0.861055ms

turn 936:
Sending endTurn()
Time taken: 0.871974ms

turn 937:
Sending endTurn()
Time taken: 0.887888ms

turn 938:
Sending endTurn()
Time taken: 0.896881ms

turn 939:
Sending endTurn()
Time taken: 0.890013ms

turn 940:
Sending endTurn()
Time taken: 1.1309ms

turn 941:
Sending endTurn()
Time taken: 0.872026ms

turn 942:
Sending endTurn()
Time taken: 5.05902ms

turn 943:
Sending endTurn()
Time taken: 0.898961ms

turn 944:
Sending endTurn()
Time taken: 1.24706ms

turn 945:
Sending endTurn()
Time taken: 0.864882ms

turn 946:
Sending endTurn()
Time taken: 1.0951ms

turn 947:
Sending endTurn()
Time taken: 0.921885ms

turn 948:
Sending endTurn()
Time taken: 0.87392ms

turn 949:
Sending endTurn()
Time taken: 0.87902ms

turn 950:
Sending endTurn()
Time taken: 0.875066ms

turn 951:
Sending endTurn()
Time taken: 0.867908ms

turn 952:
Sending endTurn()
Time taken: 5.00094ms

turn 953:
Sending endTurn()
Time taken: 0.875039ms

turn 954:
Sending endTurn()
Time taken: 0.874102ms

turn 955:
Sending endTurn()
Time taken: 0.873943ms

turn 956:
Sending endTurn()
Time taken: 0.809076ms

turn 957:
Sending endTurn()
Time taken: 1.06111ms

turn 958:
Sending endTurn()
Time taken: 0.812962ms

turn 959:
Sending endTurn()
Time taken: 4.87595ms

turn 960:
Sending endTurn()
Time taken: 1.14991ms

turn 961:
Sending endTurn()
Time taken: 0.805898ms

turn 962:
Sending endTurn()
Time taken: 0.812952ms

turn 963:
Sending endTurn()
Time taken: 0.80097ms

turn 964:
Sending endTurn()
Time taken: 0.800883ms

turn 965:
Sending endTurn()
Time taken: 1.09294ms

turn 966:
Sending endTurn()
Time taken: 0.803051ms

turn 967:
Sending endTurn()
Time taken: 0.826966ms

turn 968:
Sending endTurn()
Time taken: 0.817009ms

turn 969:
Sending endTurn()
Time taken: 0.807006ms

turn 970:
Sending endTurn()
Time taken: 0.810024ms

turn 971:
Sending endTurn()
Time taken: 0.836963ms

turn 972:
Sending endTurn()
Time taken: 0.828952ms

turn 973:
Sending endTurn()
Time taken: 0.808089ms

turn 974:
Sending endTurn()
Time taken: 5.46403ms

turn 975:
Sending endTurn()
Time taken: 1.03694ms

turn 976:
Sending endTurn()
Time taken: 1.04595ms

turn 977:
Sending endTurn()
Time taken: 0.801091ms

turn 978:
Sending endTurn()
Time taken: 0.821984ms

turn 979:
Sending endTurn()
Time taken: 0.8089ms

turn 980:
Sending endTurn()
Time taken: 0.811042ms

turn 981:
Sending endTurn()
Time taken: 4.88793ms

turn 982:
Sending endTurn()
Time taken: 42.8589ms

turn 983:
Sending endTurn()
Time taken: 0.806066ms

turn 984:
Sending endTurn()
Time taken: 0.806964ms

turn 985:
Sending endTurn()
Time taken: 0.807098ms

turn 986:
Sending endTurn()
Time taken: 0.806077ms

turn 987:
Sending endTurn()
Time taken: 0.823116ms

turn 988:
Sending endTurn()
Time taken: 0.811991ms

turn 989:
Sending endTurn()
Time taken: 0.837099ms

turn 990:
Sending endTurn()
Time taken: 0.808107ms

turn 991:
Sending endTurn()
Time taken: 0.830924ms

turn 992:
Sending endTurn()
Time taken: 0.811114ms

turn 993:
Sending endTurn()
Time taken: 0.805907ms

turn 994:
Sending endTurn()
Time taken: 0.806079ms

turn 995:
Sending endTurn()
Time taken: 0.803899ms

turn 996:
Sending endTurn()
Time taken: 0.809897ms

turn 997:
Sending endTurn()
Time taken: 1.04998ms

turn 998:
Sending endTurn()
Time taken: 0.806934ms

turn 999:
Sending endTurn()
Time taken: 0.799908ms

turn 1000:
Sending endTurn()
Time taken: 0.802922ms

